12:52:15.401 karate.env value:  
12:52:16.057 request:
1 > POST http://jobportalkarate.herokuapp.com/secure/webapi/add
1 > Accept: application/json
1 > Accept-Encoding: gzip,deflate
1 > Authorization: Basic YWRtaW46d2VsY29tZQ==
1 > Connection: Keep-Alive
1 > Content-Length: 172
1 > Content-Type: application/json; charset=UTF-8
1 > Host: jobportalkarate.herokuapp.com
1 > User-Agent: Apache-HttpClient/4.5.12 (Java/1.8.0_321)
{"experience":["15 years"],"jobDescription":"API Developer","jobId":8888,"jobTitle":"Sr. SDET Developer","project":[{"projectName":"NTK-21","technology":["<technology>"]}]}

12:52:16.266 response time in milliseconds: 206.10
1 < 201
1 < Cache-Control: no-cache, no-store, max-age=0, must-revalidate
1 < Connection: keep-alive
1 < Content-Type: application/json
1 < Date: Mon, 19 Sep 2022 16:52:16 GMT
1 < Expires: 0
1 < Pragma: no-cache
1 < Server: Cowboy
1 < Transfer-Encoding: chunked
1 < Via: 1.1 vegur
1 < X-Content-Type-Options: nosniff
1 < X-Frame-Options: DENY
1 < X-Xss-Protection: 1; mode=block
{"jobId":8888,"jobTitle":"Sr. SDET Developer","jobDescription":"API Developer","experience":["15 years"],"project":[{"projectName":"NTK-21","technology":["<technology>"]}]}

12:52:16.268 [print] {
  "jobId": 8888,
  "jobTitle": "Sr. SDET Developer",
  "project": [
    {
      "technology": [
        "<technology>"
      ],
      "projectName": "NTK-21"
    }
  ],
  "jobDescription": "API Developer",
  "experience": [
    "15 years"
  ]
}

12:52:16.284 karate.env value:  
12:52:16.348 request:
1 > POST http://jobportalkarate.herokuapp.com/secure/webapi/add
1 > Accept: application/json
1 > Accept-Encoding: gzip,deflate
1 > Authorization: Basic YWRtaW46d2VsY29tZQ==
1 > Connection: Keep-Alive
1 > Content-Length: 159
1 > Content-Type: application/json; charset=UTF-8
1 > Host: jobportalkarate.herokuapp.com
1 > User-Agent: Apache-HttpClient/4.5.12 (Java/1.8.0_321)
{"experience":["20 years"],"jobDescription":"Jr. QA Engineer","jobId":2020,"jobTitle":"Tester","project":[{"projectName":"IQM","technology":["<technology>"]}]}

12:52:16.496 response time in milliseconds: 147.49
1 < 201
1 < Cache-Control: no-cache, no-store, max-age=0, must-revalidate
1 < Connection: keep-alive
1 < Content-Type: application/json
1 < Date: Mon, 19 Sep 2022 16:52:16 GMT
1 < Expires: 0
1 < Pragma: no-cache
1 < Server: Cowboy
1 < Transfer-Encoding: chunked
1 < Via: 1.1 vegur
1 < X-Content-Type-Options: nosniff
1 < X-Frame-Options: DENY
1 < X-Xss-Protection: 1; mode=block
{"jobId":2020,"jobTitle":"Tester","jobDescription":"Jr. QA Engineer","experience":["20 years"],"project":[{"projectName":"IQM","technology":["<technology>"]}]}

12:52:16.497 [print] {
  "jobId": 2020,
  "jobTitle": "Tester",
  "project": [
    {
      "technology": [
        "<technology>"
      ],
      "projectName": "IQM"
    }
  ],
  "jobDescription": "Jr. QA Engineer",
  "experience": [
    "20 years"
  ]
}

12:52:16.506 karate.env value:  
12:52:16.547 request:
1 > GET http://jobportalkarate.herokuapp.com/secure/webapi/find?id=8888&jobTitle=Sr.+SDET+Developer
1 > Accept: application/json
1 > Accept-Encoding: gzip,deflate
1 > Authorization: Basic YWRtaW46d2VsY29tZQ==
1 > Connection: Keep-Alive
1 > Content-Type: application/json
1 > Host: jobportalkarate.herokuapp.com
1 > User-Agent: Apache-HttpClient/4.5.12 (Java/1.8.0_321)

12:52:16.696 response time in milliseconds: 148.05
1 < 200
1 < Cache-Control: no-cache, no-store, max-age=0, must-revalidate
1 < Connection: keep-alive
1 < Content-Type: application/json
1 < Date: Mon, 19 Sep 2022 16:52:16 GMT
1 < Expires: 0
1 < Pragma: no-cache
1 < Server: Cowboy
1 < Transfer-Encoding: chunked
1 < Via: 1.1 vegur
1 < X-Content-Type-Options: nosniff
1 < X-Frame-Options: DENY
1 < X-Xss-Protection: 1; mode=block
{"jobId":8888,"jobTitle":"Sr. SDET Developer","jobDescription":"API Developer","experience":["15 years"],"project":[{"projectName":"NTK-21","technology":["<technology>"]}]}

12:52:16.697 [print] {
  "jobId": 8888,
  "jobTitle": "Sr. SDET Developer",
  "project": [
    {
      "technology": [
        "<technology>"
      ],
      "projectName": "NTK-21"
    }
  ],
  "jobDescription": "API Developer",
  "experience": [
    "15 years"
  ]
}

12:52:16.715 karate.env value:  
12:52:16.776 request:
1 > GET http://jobportalkarate.herokuapp.com/secure/webapi/find?id=2020&jobTitle=Tester
1 > Accept: application/json
1 > Accept-Encoding: gzip,deflate
1 > Authorization: Basic YWRtaW46d2VsY29tZQ==
1 > Connection: Keep-Alive
1 > Content-Type: application/json
1 > Host: jobportalkarate.herokuapp.com
1 > User-Agent: Apache-HttpClient/4.5.12 (Java/1.8.0_321)

12:52:16.911 response time in milliseconds: 134.22
1 < 200
1 < Cache-Control: no-cache, no-store, max-age=0, must-revalidate
1 < Connection: keep-alive
1 < Content-Type: application/json
1 < Date: Mon, 19 Sep 2022 16:52:16 GMT
1 < Expires: 0
1 < Pragma: no-cache
1 < Server: Cowboy
1 < Transfer-Encoding: chunked
1 < Via: 1.1 vegur
1 < X-Content-Type-Options: nosniff
1 < X-Frame-Options: DENY
1 < X-Xss-Protection: 1; mode=block
{"jobId":2020,"jobTitle":"Tester","jobDescription":"Jr. QA Engineer","experience":["20 years"],"project":[{"projectName":"IQM","technology":["<technology>"]}]}

12:52:16.912 [print] {
  "jobId": 2020,
  "jobTitle": "Tester",
  "project": [
    {
      "technology": [
        "<technology>"
      ],
      "projectName": "IQM"
    }
  ],
  "jobDescription": "Jr. QA Engineer",
  "experience": [
    "20 years"
  ]
}

12:52:16.918 karate.env value:  
12:52:16.952 request:
1 > PUT http://jobportalkarate.herokuapp.com/secure/webapi/update
1 > Accept: application/json
1 > Accept-Encoding: gzip,deflate
1 > Authorization: Basic YWRtaW46d2VsY29tZQ==
1 > Connection: Keep-Alive
1 > Content-Length: 172
1 > Content-Type: application/json; charset=UTF-8
1 > Host: jobportalkarate.herokuapp.com
1 > User-Agent: Apache-HttpClient/4.5.12 (Java/1.8.0_321)
{"experience":["15 years"],"jobDescription":"API Developer","jobId":8888,"jobTitle":"Sr. SDET Developer","project":[{"projectName":"NTK-21","technology":["<technology>"]}]}

12:52:17.231 response time in milliseconds: 279.40
1 < 200
1 < Cache-Control: no-cache, no-store, max-age=0, must-revalidate
1 < Connection: keep-alive
1 < Content-Type: application/json
1 < Date: Mon, 19 Sep 2022 16:52:16 GMT
1 < Expires: 0
1 < Pragma: no-cache
1 < Server: Cowboy
1 < Transfer-Encoding: chunked
1 < Via: 1.1 vegur
1 < X-Content-Type-Options: nosniff
1 < X-Frame-Options: DENY
1 < X-Xss-Protection: 1; mode=block
{"jobId":8888,"jobTitle":"Sr. SDET Developer","jobDescription":"API Developer","experience":["15 years"],"project":[{"projectName":"NTK-21","technology":["<technology>"]}]}

12:52:17.232 [print] {
  "jobId": 8888,
  "jobTitle": "Sr. SDET Developer",
  "project": [
    {
      "technology": [
        "<technology>"
      ],
      "projectName": "NTK-21"
    }
  ],
  "jobDescription": "API Developer",
  "experience": [
    "15 years"
  ]
}

12:52:17.239 karate.env value:  
12:52:17.263 request:
1 > PUT http://jobportalkarate.herokuapp.com/secure/webapi/update
1 > Accept: application/json
1 > Accept-Encoding: gzip,deflate
1 > Authorization: Basic YWRtaW46d2VsY29tZQ==
1 > Connection: Keep-Alive
1 > Content-Length: 159
1 > Content-Type: application/json; charset=UTF-8
1 > Host: jobportalkarate.herokuapp.com
1 > User-Agent: Apache-HttpClient/4.5.12 (Java/1.8.0_321)
{"experience":["20 years"],"jobDescription":"Jr. QA Engineer","jobId":2020,"jobTitle":"Tester","project":[{"projectName":"IQM","technology":["<technology>"]}]}

12:52:17.396 response time in milliseconds: 132.79
1 < 200
1 < Cache-Control: no-cache, no-store, max-age=0, must-revalidate
1 < Connection: keep-alive
1 < Content-Type: application/json
1 < Date: Mon, 19 Sep 2022 16:52:17 GMT
1 < Expires: 0
1 < Pragma: no-cache
1 < Server: Cowboy
1 < Transfer-Encoding: chunked
1 < Via: 1.1 vegur
1 < X-Content-Type-Options: nosniff
1 < X-Frame-Options: DENY
1 < X-Xss-Protection: 1; mode=block
{"jobId":2020,"jobTitle":"Tester","jobDescription":"Jr. QA Engineer","experience":["20 years"],"project":[{"projectName":"IQM","technology":["<technology>"]}]}

12:52:17.396 [print] {
  "jobId": 2020,
  "jobTitle": "Tester",
  "project": [
    {
      "technology": [
        "<technology>"
      ],
      "projectName": "IQM"
    }
  ],
  "jobDescription": "Jr. QA Engineer",
  "experience": [
    "20 years"
  ]
}

12:52:17.404 karate.env value:  
12:52:17.439 request:
1 > PATCH http://jobportalkarate.herokuapp.com/secure/webapi/update/details?id=8888&jobTitle=API+%26+UI+Java+Developer&jobDescription=API+%26+Back-End+Dev
1 > Accept: application/json
1 > Accept-Encoding: gzip,deflate
1 > Authorization: Basic YWRtaW46d2VsY29tZQ==
1 > Connection: Keep-Alive
1 > Content-Length: 2
1 > Content-Type: application/json; charset=UTF-8
1 > Host: jobportalkarate.herokuapp.com
1 > User-Agent: Apache-HttpClient/4.5.12 (Java/1.8.0_321)
{}

12:52:17.576 response time in milliseconds: 137.05
1 < 200
1 < Cache-Control: no-cache, no-store, max-age=0, must-revalidate
1 < Connection: keep-alive
1 < Content-Type: application/json
1 < Date: Mon, 19 Sep 2022 16:52:17 GMT
1 < Expires: 0
1 < Pragma: no-cache
1 < Server: Cowboy
1 < Transfer-Encoding: chunked
1 < Via: 1.1 vegur
1 < X-Content-Type-Options: nosniff
1 < X-Frame-Options: DENY
1 < X-Xss-Protection: 1; mode=block
{"jobId":8888,"jobTitle":"API & UI Java Developer","jobDescription":"API & Back-End Dev","experience":["15 years"],"project":[{"projectName":"NTK-21","technology":["<technology>"]}]}

12:52:17.577 [print] {
  "jobId": 8888,
  "jobTitle": "API & UI Java Developer",
  "project": [
    {
      "technology": [
        "<technology>"
      ],
      "projectName": "NTK-21"
    }
  ],
  "jobDescription": "API & Back-End Dev",
  "experience": [
    "15 years"
  ]
}

12:52:17.587 karate.env value:  
12:52:17.620 request:
1 > PATCH http://jobportalkarate.herokuapp.com/secure/webapi/update/details?id=2020&jobTitle=API+Automation&jobDescription=Sr.+SDET
1 > Accept: application/json
1 > Accept-Encoding: gzip,deflate
1 > Authorization: Basic YWRtaW46d2VsY29tZQ==
1 > Connection: Keep-Alive
1 > Content-Length: 2
1 > Content-Type: application/json; charset=UTF-8
1 > Host: jobportalkarate.herokuapp.com
1 > User-Agent: Apache-HttpClient/4.5.12 (Java/1.8.0_321)
{}

12:52:17.747 response time in milliseconds: 126.96
1 < 200
1 < Cache-Control: no-cache, no-store, max-age=0, must-revalidate
1 < Connection: keep-alive
1 < Content-Type: application/json
1 < Date: Mon, 19 Sep 2022 16:52:17 GMT
1 < Expires: 0
1 < Pragma: no-cache
1 < Server: Cowboy
1 < Transfer-Encoding: chunked
1 < Via: 1.1 vegur
1 < X-Content-Type-Options: nosniff
1 < X-Frame-Options: DENY
1 < X-Xss-Protection: 1; mode=block
{"jobId":2020,"jobTitle":"API Automation","jobDescription":"Sr. SDET","experience":["20 years"],"project":[{"projectName":"IQM","technology":["<technology>"]}]}

12:52:17.748 [print] {
  "jobId": 2020,
  "jobTitle": "API Automation",
  "project": [
    {
      "technology": [
        "<technology>"
      ],
      "projectName": "IQM"
    }
  ],
  "jobDescription": "Sr. SDET",
  "experience": [
    "20 years"
  ]
}

12:52:17.759 karate.env value:  
12:52:17.779 request:
1 > DELETE http://jobportalkarate.herokuapp.com/secure/webapi/remove//8888
1 > Accept: application/json
1 > Accept-Encoding: gzip,deflate
1 > Authorization: Basic YWRtaW46d2VsY29tZQ==
1 > Connection: Keep-Alive
1 > Content-Type: application/json
1 > Host: jobportalkarate.herokuapp.com
1 > User-Agent: Apache-HttpClient/4.5.12 (Java/1.8.0_321)

12:52:17.903 response time in milliseconds: 123.55
1 < 200
1 < Cache-Control: no-cache, no-store, max-age=0, must-revalidate
1 < Connection: keep-alive
1 < Content-Type: application/json
1 < Date: Mon, 19 Sep 2022 16:52:17 GMT
1 < Expires: 0
1 < Pragma: no-cache
1 < Server: Cowboy
1 < Transfer-Encoding: chunked
1 < Via: 1.1 vegur
1 < X-Content-Type-Options: nosniff
1 < X-Frame-Options: DENY
1 < X-Xss-Protection: 1; mode=block
{"jobId":8888,"jobTitle":"API & UI Java Developer","jobDescription":"API & Back-End Dev","experience":["15 years"],"project":[{"projectName":"NTK-21","technology":["<technology>"]}]}

12:52:17.903 [print] {
  "jobId": 8888,
  "jobTitle": "API & UI Java Developer",
  "project": [
    {
      "technology": [
        "<technology>"
      ],
      "projectName": "NTK-21"
    }
  ],
  "jobDescription": "API & Back-End Dev",
  "experience": [
    "15 years"
  ]
}

12:52:17.911 karate.env value:  
12:52:17.933 request:
1 > DELETE http://jobportalkarate.herokuapp.com/secure/webapi/remove//2020
1 > Accept: application/json
1 > Accept-Encoding: gzip,deflate
1 > Authorization: Basic YWRtaW46d2VsY29tZQ==
1 > Connection: Keep-Alive
1 > Content-Type: application/json
1 > Host: jobportalkarate.herokuapp.com
1 > User-Agent: Apache-HttpClient/4.5.12 (Java/1.8.0_321)

12:52:18.058 response time in milliseconds: 124.44
1 < 200
1 < Cache-Control: no-cache, no-store, max-age=0, must-revalidate
1 < Connection: keep-alive
1 < Content-Type: application/json
1 < Date: Mon, 19 Sep 2022 16:52:17 GMT
1 < Expires: 0
1 < Pragma: no-cache
1 < Server: Cowboy
1 < Transfer-Encoding: chunked
1 < Via: 1.1 vegur
1 < X-Content-Type-Options: nosniff
1 < X-Frame-Options: DENY
1 < X-Xss-Protection: 1; mode=block
{"jobId":2020,"jobTitle":"API Automation","jobDescription":"Sr. SDET","experience":["20 years"],"project":[{"projectName":"IQM","technology":["<technology>"]}]}

12:52:18.059 [print] {
  "jobId": 2020,
  "jobTitle": "API Automation",
  "project": [
    {
      "technology": [
        "<technology>"
      ],
      "projectName": "IQM"
    }
  ],
  "jobDescription": "Sr. SDET",
  "experience": [
    "20 years"
  ]
}

