13:04:16.374 karate.env value:  
13:04:16.875 [print] 
13:04:18.965 request:
1 > GET http://jobportalkarate.herokuapp.com/secure/webapi/find?id=%23%28result.response.jobId%29&jobTitle=%23%28result.response.jobTitle%29
1 > Accept: application/json
1 > Accept-Encoding: gzip,deflate
1 > Authorization: Basic YWRtaW46d2VsY29tZQ==
1 > Connection: Keep-Alive
1 > Content-Type: application/json
1 > Host: jobportalkarate.herokuapp.com
1 > User-Agent: Apache-HttpClient/4.5.12 (Java/1.8.0_301)

13:04:19.225 response time in milliseconds: 256.93
1 < 400
1 < Cache-Control: no-cache, no-store, max-age=0, must-revalidate
1 < Connection: keep-alive
1 < Content-Type: application/json
1 < Date: Sun, 05 Jun 2022 17:04:17 GMT
1 < Expires: 0
1 < Pragma: no-cache
1 < Server: Cowboy
1 < Transfer-Encoding: chunked
1 < Via: 1.1 vegur
1 < X-Content-Type-Options: nosniff
1 < X-Frame-Options: DENY
1 < X-Xss-Protection: 1; mode=block
{"timestamp":"2022-06-05T17:04:17.438+0000","status":400,"error":"Bad Request","message":"Failed to convert value of type 'java.lang.String' to required type 'int'; nested exception is java.lang.NumberFormatException: For input string: \"(result.response.jobId)\"","path":"/secure/webapi/find"}

13:04:19.228 [print] {
  "path": "/secure/webapi/find",
  "error": "Bad Request",
  "message": "Failed to convert value of type 'java.lang.String' to required type 'int'; nested exception is java.lang.NumberFormatException: For input string: \"(result.response.jobId)\"",
  "timestamp": "2022-06-05T17:04:17.438+0000",
  "status": 400
}

13:04:19.229 status code was: 400, expected: 200, response time: 257, url: http://jobportalkarate.herokuapp.com/secure/webapi/find?id=%23%28result.response.jobId%29&jobTitle=%23%28result.response.jobTitle%29, response: {"path":"/secure/webapi/find","error":"Bad Request","message":"Failed to convert value of type 'java.lang.String' to required type 'int'; nested exception is java.lang.NumberFormatException: For input string: \"(result.response.jobId)\"","timestamp":"2022-06-05T17:04:17.438+0000","status":400}
13:04:19.255 karate.env value:  
13:04:19.367 [print] 
13:04:19.402 request:
1 > GET http://jobportalkarate.herokuapp.com/secure/webapi/find?id=%23%28result.data.scrum%5B0%5D.jobId%29&jobTitle=%23%28result.data.scrum%5B0%5D.jobTitle%29
1 > Accept: application/json
1 > Accept-Encoding: gzip,deflate
1 > Authorization: Basic YWRtaW46d2VsY29tZQ==
1 > Connection: Keep-Alive
1 > Content-Type: application/json
1 > Host: jobportalkarate.herokuapp.com
1 > User-Agent: Apache-HttpClient/4.5.12 (Java/1.8.0_301)

13:04:19.558 response time in milliseconds: 154.41
1 < 400
1 < Cache-Control: no-cache, no-store, max-age=0, must-revalidate
1 < Connection: keep-alive
1 < Content-Type: application/json
1 < Date: Sun, 05 Jun 2022 17:04:17 GMT
1 < Expires: 0
1 < Pragma: no-cache
1 < Server: Cowboy
1 < Transfer-Encoding: chunked
1 < Via: 1.1 vegur
1 < X-Content-Type-Options: nosniff
1 < X-Frame-Options: DENY
1 < X-Xss-Protection: 1; mode=block
{"timestamp":"2022-06-05T17:04:17.787+0000","status":400,"error":"Bad Request","message":"Failed to convert value of type 'java.lang.String' to required type 'int'; nested exception is java.lang.NumberFormatException: For input string: \"(result.data.scrum[0].jobId)\"","path":"/secure/webapi/find"}

13:04:19.559 [print] {
  "path": "/secure/webapi/find",
  "error": "Bad Request",
  "message": "Failed to convert value of type 'java.lang.String' to required type 'int'; nested exception is java.lang.NumberFormatException: For input string: \"(result.data.scrum[0].jobId)\"",
  "timestamp": "2022-06-05T17:04:17.787+0000",
  "status": 400
}

13:04:19.560 status code was: 400, expected: 200, response time: 154, url: http://jobportalkarate.herokuapp.com/secure/webapi/find?id=%23%28result.data.scrum%5B0%5D.jobId%29&jobTitle=%23%28result.data.scrum%5B0%5D.jobTitle%29, response: {"path":"/secure/webapi/find","error":"Bad Request","message":"Failed to convert value of type 'java.lang.String' to required type 'int'; nested exception is java.lang.NumberFormatException: For input string: \"(result.data.scrum[0].jobId)\"","timestamp":"2022-06-05T17:04:17.787+0000","status":400}
 karate.env value:  
13:00:34.700 request:
1 > PATCH http://jobportalkarate.herokuapp.com/secure/webapi/update/details?id=2020&jobTitle=API+Automation&jobDescription=Sr.+SDET
1 > Accept: application/json
1 > Accept-Encoding: gzip,deflate
1 > Authorization: Basic YWRtaW46d2VsY29tZQ==
1 > Connection: Keep-Alive
1 > Content-Length: 2
1 > Content-Type: application/json; charset=UTF-8
1 > Host: jobportalkarate.herokuapp.com
1 > User-Agent: Apache-HttpClient/4.5.12 (Java/1.8.0_301)
{}

13:00:34.839 response time in milliseconds: 138.25
1 < 200
1 < Cache-Control: no-cache, no-store, max-age=0, must-revalidate
1 < Connection: keep-alive
1 < Content-Type: application/json
1 < Date: Sun, 05 Jun 2022 17:00:33 GMT
1 < Expires: 0
1 < Pragma: no-cache
1 < Server: Cowboy
1 < Transfer-Encoding: chunked
1 < Via: 1.1 vegur
1 < X-Content-Type-Options: nosniff
1 < X-Frame-Options: DENY
1 < X-Xss-Protection: 1; mode=block
{"jobId":2020,"jobTitle":"API Automation","jobDescription":"Sr. SDET","experience":["20 years"],"project":[{"projectName":"IQM","technology":["<technology>"]}]}

13:00:34.840 [print] {
  "jobId": 2020,
  "jobTitle": "API Automation",
  "project": [
    {
      "technology": [
        "<technology>"
      ],
      "projectName": "IQM"
    }
  ],
  "jobDescription": "Sr. SDET",
  "experience": [
    "20 years"
  ]
}

13:00:34.897 karate.env value:  
13:00:34.965 request:
1 > DELETE http://jobportalkarate.herokuapp.com/secure/webapi/remove//8888
1 > Accept: application/json
1 > Accept-Encoding: gzip,deflate
1 > Authorization: Basic YWRtaW46d2VsY29tZQ==
1 > Connection: Keep-Alive
1 > Content-Type: application/json
1 > Host: jobportalkarate.herokuapp.com
1 > User-Agent: Apache-HttpClient/4.5.12 (Java/1.8.0_301)

13:00:35.095 response time in milliseconds: 128.67
1 < 200
1 < Cache-Control: no-cache, no-store, max-age=0, must-revalidate
1 < Connection: keep-alive
1 < Content-Type: application/json
1 < Date: Sun, 05 Jun 2022 17:00:33 GMT
1 < Expires: 0
1 < Pragma: no-cache
1 < Server: Cowboy
1 < Transfer-Encoding: chunked
1 < Via: 1.1 vegur
1 < X-Content-Type-Options: nosniff
1 < X-Frame-Options: DENY
1 < X-Xss-Protection: 1; mode=block
{"jobId":8888,"jobTitle":"API & UI Java Developer","jobDescription":"API & Back-End Dev","experience":["15 years"],"project":[{"projectName":"NTK-21","technology":["<technology>"]}]}

13:00:35.096 [print] {
  "jobId": 8888,
  "jobTitle": "API & UI Java Developer",
  "project": [
    {
      "technology": [
        "<technology>"
      ],
      "projectName": "NTK-21"
    }
  ],
  "jobDescription": "API & Back-End Dev",
  "experience": [
    "15 years"
  ]
}

13:00:35.109 karate.env value:  
13:00:35.166 request:
1 > DELETE http://jobportalkarate.herokuapp.com/secure/webapi/remove//2020
1 > Accept: application/json
1 > Accept-Encoding: gzip,deflate
1 > Authorization: Basic YWRtaW46d2VsY29tZQ==
1 > Connection: Keep-Alive
1 > Content-Type: application/json
1 > Host: jobportalkarate.herokuapp.com
1 > User-Agent: Apache-HttpClient/4.5.12 (Java/1.8.0_301)

13:00:35.313 response time in milliseconds: 145.44
1 < 200
1 < Cache-Control: no-cache, no-store, max-age=0, must-revalidate
1 < Connection: keep-alive
1 < Content-Type: application/json
1 < Date: Sun, 05 Jun 2022 17:00:33 GMT
1 < Expires: 0
1 < Pragma: no-cache
1 < Server: Cowboy
1 < Transfer-Encoding: chunked
1 < Via: 1.1 vegur
1 < X-Content-Type-Options: nosniff
1 < X-Frame-Options: DENY
1 < X-Xss-Protection: 1; mode=block
{"jobId":2020,"jobTitle":"API Automation","jobDescription":"Sr. SDET","experience":["20 years"],"project":[{"projectName":"IQM","technology":["<technology>"]}]}

13:00:35.317 [print] {
  "jobId": 2020,
  "jobTitle": "API Automation",
  "project": [
    {
      "technology": [
        "<technology>"
      ],
      "projectName": "IQM"
    }
  ],
  "jobDescription": "Sr. SDET",
  "experience": [
    "20 years"
  ]
}

13:00:35.333 karate.env value:  
13:00:35.550 request:
1 > POST http://jobportalkarate.herokuapp.com/secure/webapi/add
1 > Accept: application/json
1 > Accept-Encoding: gzip,deflate
1 > Authorization: Basic YWRtaW46d2VsY29tZQ==
1 > Connection: Keep-Alive
1 > Content-Length: 172
1 > Content-Type: application/json; charset=UTF-8
1 > Host: jobportalkarate.herokuapp.com
1 > User-Agent: Apache-HttpClient/4.5.12 (Java/1.8.0_301)
{"experience":["15 years"],"jobDescription":"API Developer","jobId":8888,"jobTitle":"Sr. SDET Developer","project":[{"projectName":"NTK-21","technology":["<technology>"]}]}

13:00:35.970 response time in milliseconds: 417.46
1 < 201
1 < Cache-Control: no-cache, no-store, max-age=0, must-revalidate
1 < Connection: keep-alive
1 < Content-Type: application/json
1 < Date: Sun, 05 Jun 2022 17:00:34 GMT
1 < Expires: 0
1 < Pragma: no-cache
1 < Server: Cowboy
1 < Transfer-Encoding: chunked
1 < Via: 1.1 vegur
1 < X-Content-Type-Options: nosniff
1 < X-Frame-Options: DENY
1 < X-Xss-Protection: 1; mode=block
{"jobId":8888,"jobTitle":"Sr. SDET Developer","jobDescription":"API Developer","experience":["15 years"],"project":[{"projectName":"NTK-21","technology":["<technology>"]}]}

13:00:35.972 [print] {
  "jobId": 8888,
  "jobTitle": "Sr. SDET Developer",
  "project": [
    {
      "technology": [
        "<technology>"
      ],
      "projectName": "NTK-21"
    }
  ],
  "jobDescription": "API Developer",
  "experience": [
    "15 years"
  ]
}

13:00:35.978 [print] {
  "jobId": 8888,
  "jobTitle": "Sr. SDET Developer",
  "project": [
    {
      "technology": [
        "<technology>"
      ],
      "projectName": "NTK-21"
    }
  ],
  "jobDescription": "API Developer",
  "experience": [
    "15 years"
  ]
}

13:00:36.002 request:
1 > GET http://jobportalkarate.herokuapp.com/secure/webapi/find?id=8888&jobTitle=Sr.+SDET+Developer
1 > Accept: application/json
1 > Accept-Encoding: gzip,deflate
1 > Authorization: Basic YWRtaW46d2VsY29tZQ==
1 > Connection: Keep-Alive
1 > Content-Type: application/json
1 > Host: jobportalkarate.herokuapp.com
1 > User-Agent: Apache-HttpClient/4.5.12 (Java/1.8.0_301)

13:00:36.138 response time in milliseconds: 135.43
1 < 200
1 < Cache-Control: no-cache, no-store, max-age=0, must-revalidate
1 < Connection: keep-alive
1 < Content-Type: application/json
1 < Date: Sun, 05 Jun 2022 17:00:34 GMT
1 < Expires: 0
1 < Pragma: no-cache
1 < Server: Cowboy
1 < Transfer-Encoding: chunked
1 < Via: 1.1 vegur
1 < X-Content-Type-Options: nosniff
1 < X-Frame-Options: DENY
1 < X-Xss-Protection: 1; mode=block
{"jobId":8888,"jobTitle":"Sr. SDET Developer","jobDescription":"API Developer","experience":["15 years"],"project":[{"projectName":"NTK-21","technology":["<technology>"]}]}

13:00:36.140 [print] {
  "jobId": 8888,
  "jobTitle": "Sr. SDET Developer",
  "project": [
    {
      "technology": [
        "<technology>"
      ],
      "projectName": "NTK-21"
    }
  ],
  "jobDescription": "API Developer",
  "experience": [
    "15 years"
  ]
}

13:00:36.174 karate.env value:  
13:00:36.251 request:
1 > GET http://jobportalkarate.herokuapp.com/secure/webapi/find?id=8888&jobTitle=Sr.+SDET+Developer
1 > Accept: application/json
1 > Accept-Encoding: gzip,deflate
1 > Authorization: Basic YWRtaW46d2VsY29tZQ==
1 > Connection: Keep-Alive
1 > Content-Type: application/json
1 > Host: jobportalkarate.herokuapp.com
1 > User-Agent: Apache-HttpClient/4.5.12 (Java/1.8.0_301)

13:00:36.407 response time in milliseconds: 154.91
1 < 200
1 < Cache-Control: no-cache, no-store, max-age=0, must-revalidate
1 < Connection: keep-alive
1 < Content-Type: application/json
1 < Date: Sun, 05 Jun 2022 17:00:34 GMT
1 < Expires: 0
1 < Pragma: no-cache
1 < Server: Cowboy
1 < Transfer-Encoding: chunked
1 < Via: 1.1 vegur
1 < X-Content-Type-Options: nosniff
1 < X-Frame-Options: DENY
1 < X-Xss-Protection: 1; mode=block
{"jobId":8888,"jobTitle":"Sr. SDET Developer","jobDescription":"API Developer","experience":["15 years"],"project":[{"projectName":"NTK-21","technology":["<technology>"]}]}

13:00:36.409 [print] {
  "jobId": 8888,
  "jobTitle": "Sr. SDET Developer",
  "project": [
    {
      "technology": [
        "<technology>"
      ],
      "projectName": "NTK-21"
    }
  ],
  "jobDescription": "API Developer",
  "experience": [
    "15 years"
  ]
}

